2023-01-29 19:23:12.292750|250257390643970059|NottCurious|4351|940194031370129478|TMI Production|940931148794691614|testing-and-logs|latest_totd
2023-01-29 19:26:25.087705|250257390643970059|NottCurious|4351|805313762663333919|TM India|880771916099641364|tm-india-bot|latest_totd
2023-01-29 19:27:46.879987|250257390643970059|NottCurious|4351|940194031370129478|TMI Production|940931148794691614|testing-and-logs|latest_totd
2023-01-29 19:27:51.233349|250257390643970059|NottCurious|4351|940194031370129478|TMI Production|940931148794691614|testing-and-logs|latest_totd
2023-01-29 19:30:39.705425|527497533916708874|Spark|0218|805313762663333919|TM India|880771916099641364|tm-india-bot|next_birthday_slash
2023-01-29 19:47:11.259725|250257390643970059|NottCurious|4351|805313762663333919|TM India|880771916099641364|tm-india-bot|month_birthdays
2023-01-29 19:47:20.864517|250257390643970059|NottCurious|4351|805313762663333919|TM India|880771916099641364|tm-india-bot|month_birthdays
2023-01-29 19:49:12.152246|250257390643970059|NottCurious|4351|805313762663333919|TM India|880771916099641364|tm-india-bot|month_birthdays
2023-01-29 19:49:32.944807|250257390643970059|NottCurious|4351|805313762663333919|TM India|880771916099641364|tm-india-bot|month_birthdays
2023-01-29 19:51:09.300363|250257390643970059|NottCurious|4351|805313762663333919|TM India|880771916099641364|tm-india-bot|remove-user-birthday
2023-01-29 20:04:44.487521|250257390643970059|NottCurious|4351|805313762663333919|TM India|880771916099641364|tm-india-bot|set_updates_channel
2023-01-29 20:04:57.946201|250257390643970059|NottCurious|4351|805313762663333919|TM India|880771916099641364|tm-india-bot|set_mod_logs
2023-01-29 20:05:09.421645|250257390643970059|NottCurious|4351|805313762663333919|TM India|880771916099641364|tm-india-bot|remove-birthday
2023-01-29 20:05:30.032192|250257390643970059|NottCurious|4351|805313762663333919|TM India|880771916099641364|tm-india-bot|set_birthday
2023-01-29 20:05:39.239127|250257390643970059|NottCurious|4351|805313762663333919|TM India|880771916099641364|tm-india-bot|set_birthday_channel
2023-01-29 20:06:30.022189|250257390643970059|NottCurious|4351|940194031370129478|TMI Production|940931148794691614|testing-and-logs|set_mod_logs
2023-01-29 20:06:42.935451|250257390643970059|NottCurious|4351|940194031370129478|TMI Production|940931148794691614|testing-and-logs|set_birthday
2023-01-29 20:20:14.671073|250257390643970059|NottCurious|4351|940194031370129478|TMI Production|940931148794691614|testing-and-logs|add_player_tracking
2023-01-29 20:20:24.081599|250257390643970059|NottCurious|4351|940194031370129478|TMI Production|940931148794691614|testing-and-logs|setup_tracking
2023-01-29 20:20:37.739319|250257390643970059|NottCurious|4351|940194031370129478|TMI Production|940931148794691614|testing-and-logs|add_player_tracking
2023-01-29 20:20:44.885306|250257390643970059|NottCurious|4351|940194031370129478|TMI Production|940931148794691614|testing-and-logs|add_player_tracking
2023-01-29 20:21:00.532872|250257390643970059|NottCurious|4351|940194031370129478|TMI Production|940931148794691614|testing-and-logs|add_player_tracking
2023-01-29 20:26:40.040284|250257390643970059|NottCurious|4351|940194031370129478|TMI Production|940931148794691614|testing-and-logs|remove_player_tracking
2023-01-29 20:26:45.461967|250257390643970059|NottCurious|4351|940194031370129478|TMI Production|940931148794691614|testing-and-logs|add_player_tracking
2023-01-29 20:35:38.910437|250257390643970059|NottCurious|4351|805313762663333919|TM India|842626496437813258|tm2020|setup_tracking
2023-01-29 21:33:15.906263|250257390643970059|NottCurious|4351|805313762663333919|TM India|880771916099641364|tm-india-bot|add_player_tracking
2023-01-30 02:09:22.831017|739088360814936064|Styx_XD|2735|805313762663333919|TM India|880771916099641364|tm-india-bot|add_player_tracking
2023-01-30 02:23:54.538021|250257390643970059|NottCurious|4351|805313762663333919|TM India|880771916099641364|tm-india-bot|month_birthdays
2023-01-30 03:14:41.867257|250257390643970059|NottCurious|4351|805313762663333919|TM India|880771916099641364|tm-india-bot|month_birthdays
2023-01-30 03:17:23.085472|250257390643970059|NottCurious|4351|805313762663333919|TM India|880771916099641364|tm-india-bot|next_birthday_slash
2023-01-30 03:24:15.904875|739088360814936064|Styx_XD|2735|805313762663333919|TM India|880771916099641364|tm-india-bot|add_birthday
2023-01-30 03:27:09.353012|739088360814936064|Styx_XD|2735|805313762663333919|TM India|880771916099641364|tm-india-bot|month_birthdays
2023-01-30 05:31:42.371138|491096780289867797|DIVYANSH|7593|805313762663333919|TM India|880771916099641364|tm-india-bot|add_player_tracking
2023-01-31 03:48:58.153616|250257390643970059|NottCurious|4351|940194031370129478|TMI Production|940931148794691614|testing-and-logs|latest_totd
2023-01-31 03:49:04.793519|250257390643970059|NottCurious|4351|940194031370129478|TMI Production|940931148794691614|testing-and-logs|latest_totd
2023-01-31 12:28:45.364602|491096780289867797|DIVYANSH|7593|805313762663333919|TM India|880771916099641364|tm-india-bot|add_player_tracking
2023-01-31 12:29:46.745225|936566119785971713|Djnx|7776|805313762663333919|TM India|880771916099641364|tm-india-bot|month_birthdays
2023-02-01 08:44:34.904917|739088360814936064|Styx_XD|2735|805313762663333919|TM India|880771916099641364|tm-india-bot|add_player_tracking
2023-02-02 03:03:21.014161|491096780289867797|DIVYANSH|7593|805313762663333919|TM India|880771916099641364|tm-india-bot|add_player_tracking
2023-02-02 12:29:16.262014|527497533916708874|Spark|0218|805313762663333919|TM India|880771916099641364|tm-india-bot|add_birthday
2023-02-02 15:39:07.632498|491096780289867797|DIVYANSH|7593|805313762663333919|TM India|880771916099641364|tm-india-bot|add_player_tracking
2023-02-03 20:29:22.094519|250257390643970059|NottCurious|4351|940194031370129478|TMI Production|940931148794691614|testing-and-logs|add_player_tracking
2023-02-03 20:38:50.132731|491096780289867797|DIVYANSH|7593|805313762663333919|TM India|880771916099641364|tm-india-bot|add_player_tracking
2023-02-03 20:40:17.836047|250257390643970059|NottCurious|4351|805313762663333919|TM India|880771916099641364|tm-india-bot|add_player_tracking
2023-02-03 20:40:43.378414|250257390643970059|NottCurious|4351|805313762663333919|TM India|880771916099641364|tm-india-bot|remove_mod_logs
2023-02-03 20:41:01.922678|250257390643970059|NottCurious|4351|805313762663333919|TM India|880771916099641364|tm-india-bot|add_player_tracking
2023-02-03 20:42:26.128106|250257390643970059|NottCurious|4351|805313762663333919|TM India|880771916099641364|tm-india-bot|add_player_tracking
2023-02-03 20:42:39.778340|250257390643970059|NottCurious|4351|805313762663333919|TM India|880771916099641364|tm-india-bot|add_player_tracking
2023-02-03 20:42:43.037797|250257390643970059|NottCurious|4351|805313762663333919|TM India|880771916099641364|tm-india-bot|add_player_tracking
2023-02-03 20:42:52.434371|491096780289867797|DIVYANSH|7593|805313762663333919|TM India|880771916099641364|tm-india-bot|add_player_tracking
2023-02-03 20:43:16.989323|250257390643970059|NottCurious|4351|805313762663333919|TM India|880771916099641364|tm-india-bot|add_player_tracking
2023-02-03 20:45:59.970482|250257390643970059|NottCurious|4351|805313762663333919|TM India|880771916099641364|tm-india-bot|add_player_tracking
2023-02-03 20:46:04.327044|250257390643970059|NottCurious|4351|805313762663333919|TM India|880771916099641364|tm-india-bot|add_player_tracking
2023-02-03 20:46:21.177358|250257390643970059|NottCurious|4351|805313762663333919|TM India|880771916099641364|tm-india-bot|add_player_tracking
2023-02-03 20:46:33.584136|250257390643970059|NottCurious|4351|805313762663333919|TM India|880771916099641364|tm-india-bot|add_player_tracking
2023-02-03 20:46:46.545404|250257390643970059|NottCurious|4351|805313762663333919|TM India|880771916099641364|tm-india-bot|add_player_tracking
2023-02-03 20:47:40.505346|250257390643970059|NottCurious|4351|805313762663333919|TM India|880771916099641364|tm-india-bot|add_player_tracking
2023-02-03 20:47:58.977286|250257390643970059|NottCurious|4351|805313762663333919|TM India|880771916099641364|tm-india-bot|add_player_tracking
2023-02-03 20:51:02.581016|250257390643970059|NottCurious|4351|805313762663333919|TM India|880771916099641364|tm-india-bot|add_player_tracking
2023-02-03 20:51:20.432894|250257390643970059|NottCurious|4351|805313762663333919|TM India|880771916099641364|tm-india-bot|add_player_tracking
2023-02-03 20:51:42.421496|250257390643970059|NottCurious|4351|805313762663333919|TM India|880771916099641364|tm-india-bot|add_player_tracking
2023-02-03 20:52:39.234323|250257390643970059|NottCurious|4351|805313762663333919|TM India|880771916099641364|tm-india-bot|add_player_tracking
2023-02-03 20:53:22.948723|250257390643970059|NottCurious|4351|805313762663333919|TM India|880771916099641364|tm-india-bot|add_player_tracking
2023-02-03 20:53:27.655338|250257390643970059|NottCurious|4351|805313762663333919|TM India|880771916099641364|tm-india-bot|add_player_tracking
2023-02-03 20:57:40.772859|250257390643970059|NottCurious|4351|805313762663333919|TM India|880771916099641364|tm-india-bot|add_player_tracking
2023-02-04 02:50:00.096352|739088360814936064|Styx_XD|2735|805313762663333919|TM India|880771916099641364|tm-india-bot|add_player_tracking
2023-02-04 05:22:27.158599|491096780289867797|DIVYANSH|7593|805313762663333919|TM India|880771916099641364|tm-india-bot|add_player_tracking
2023-02-04 05:23:07.892702|739088360814936064|Styx_XD|2735|805313762663333919|TM India|880771916099641364|tm-india-bot|add_player_tracking
2023-02-05 18:02:25.045771|769861484850839553|subkash|3240|805313762663333919|TM India|880771916099641364|tm-india-bot|rand_quote
2023-02-06 05:34:22.636444|491096780289867797|DIVYANSH|7593|805313762663333919|TM India|880771916099641364|tm-india-bot|add_player_tracking
2023-02-06 14:34:29.422414|250257390643970059|NottCurious|4351|805313762663333919|TM India|880771916099641364|tm-india-bot|add_player_tracking
2023-02-06 14:34:45.295225|250257390643970059|NottCurious|4351|805313762663333919|TM India|880771916099641364|tm-india-bot|add_player_tracking
2023-02-06 14:35:02.173383|250257390643970059|NottCurious|4351|805313762663333919|TM India|880771916099641364|tm-india-bot|add_player_tracking
2023-02-06 14:35:12.649445|250257390643970059|NottCurious|4351|805313762663333919|TM India|880771916099641364|tm-india-bot|add_player_tracking
2023-02-06 14:36:19.745134|739088360814936064|Styx_XD|2735|805313762663333919|TM India|880771916099641364|tm-india-bot|add_player_tracking
2023-02-06 16:50:51.829609|936566119785971713|Djnx|7776|805313762663333919|TM India|880771916099641364|tm-india-bot|add_player_tracking
2023-02-06 20:58:26.065254|250257390643970059|NottCurious|4351|805313762663333919|TM India|842626496437813258|tm2020|save_quote_message
2023-02-06 20:58:44.922673|250257390643970059|NottCurious|4351|805313762663333919|TM India|880771916099641364|tm-india-bot|last_quote
2023-02-06 20:59:16.551255|250257390643970059|NottCurious|4351|805313762663333919|TM India|842626496437813258|tm2020|save_quote_message
2023-02-07 05:37:16.581846|491096780289867797|DIVYANSH|7593|805313762663333919|TM India|880771916099641364|tm-india-bot|add_player_tracking
2023-02-07 16:04:08.473934|491096780289867797|DIVYANSH|7593|805313762663333919|TM India|880771916099641364|tm-india-bot|add_player_tracking
2023-02-07 18:20:53.697935|537187991714660352|booyah|6473|805313762663333919|TM India|880771916099641364|tm-india-bot|rand_quote
2023-02-07 18:21:06.997271|537187991714660352|booyah|6473|805313762663333919|TM India|880771916099641364|tm-india-bot|rand_quote
2023-02-07 18:21:40.473767|537187991714660352|booyah|6473|805313762663333919|TM India|880771916099641364|tm-india-bot|show_quote
2023-02-07 19:03:26.001796|769861484850839553|subkash|3240|805313762663333919|TM India|880771916099641364|tm-india-bot|rand_quote
2023-02-07 19:04:37.791447|491096780289867797|DIVYANSH|7593|805313762663333919|TM India|880771916099641364|tm-india-bot|rand_quote
2023-02-07 19:05:04.941091|491096780289867797|DIVYANSH|7593|805313762663333919|TM India|880771916099641364|tm-india-bot|add_player_tracking
2023-02-08 03:32:07.003942|936566119785971713|Djnx|7776|805313762663333919|TM India|880771916099641364|tm-india-bot|month_birthdays
2023-02-08 03:36:41.464771|250257390643970059|NottCurious|4351|805313762663333919|TM India|880771916099641364|tm-india-bot|player_details
2023-02-08 03:43:00.632847|250257390643970059|NottCurious|4351|805313762663333919|TM India|805317201498210314|general|next_birthday_slash
2023-02-08 03:43:13.847328|250257390643970059|NottCurious|4351|805313762663333919|TM India|805317201498210314|general|month_birthdays
2023-02-08 03:47:57.280749|250257390643970059|NottCurious|4351|805313762663333919|TM India|805317201498210314|general|add_birthday
2023-02-08 03:48:05.531122|250257390643970059|NottCurious|4351|805313762663333919|TM India|805317201498210314|general|add_birthday
2023-02-08 03:48:42.783071|250257390643970059|NottCurious|4351|805313762663333919|TM India|805317201498210314|general|set_birthday
2023-02-08 03:48:49.920918|250257390643970059|NottCurious|4351|805313762663333919|TM India|805317201498210314|general|add_birthday
2023-02-08 03:49:09.934761|250257390643970059|NottCurious|4351|805313762663333919|TM India|880771916099641364|tm-india-bot|set_mod_logs
2023-02-08 05:12:25.483726|739088360814936064|Styx_XD|2735|805313762663333919|TM India|880771916099641364|tm-india-bot|add_player_tracking
2023-02-08 05:35:02.954587|491096780289867797|DIVYANSH|7593|805313762663333919|TM India|880771916099641364|tm-india-bot|player_details
2023-02-08 06:01:07.082275|739088360814936064|Styx_XD|2735|805313762663333919|TM India|880771916099641364|tm-india-bot|player_details
2023-02-08 06:01:59.348701|739088360814936064|Styx_XD|2735|805313762663333919|TM India|880771916099641364|tm-india-bot|player_details
2023-02-08 06:02:23.691947|739088360814936064|Styx_XD|2735|805313762663333919|TM India|880771916099641364|tm-india-bot|player_details
2023-02-08 06:38:53.398930|491096780289867797|DIVYANSH|7593|805313762663333919|TM India|880771916099641364|tm-india-bot|player_details
2023-02-08 06:39:53.336706|936566119785971713|Djnx|7776|805313762663333919|TM India|880771916099641364|tm-india-bot|player_details
2023-02-08 06:43:55.275754|739088360814936064|Styx_XD|2735|805313762663333919|TM India|880771916099641364|tm-india-bot|player_details
2023-02-08 08:01:48.069134|491096780289867797|DIVYANSH|7593|805313762663333919|TM India|880771916099641364|tm-india-bot|player_details
2023-02-08 08:03:45.520844|527497533916708874|Spark|0218|805313762663333919|TM India|880771916099641364|tm-india-bot|player_details
2023-02-08 08:05:05.284427|491096780289867797|DIVYANSH|7593|805313762663333919|TM India|880771916099641364|tm-india-bot|player_details
2023-02-08 15:30:06.973717|537187991714660352|booyah|6473|805313762663333919|TM India|880771916099641364|tm-india-bot|rand_quote
2023-02-08 15:31:37.915469|537187991714660352|booyah|6473|805313762663333919|TM India|880771916099641364|tm-india-bot|list_birthdays
2023-02-08 23:32:16.132160|250257390643970059|NottCurious|4351|805313762663333919|TM India|880771916099641364|tm-india-bot|add_player_tracking
2023-02-08 23:32:32.301674|250257390643970059|NottCurious|4351|805313762663333919|TM India|880771916099641364|tm-india-bot|add_player_tracking
2023-02-08 23:32:42.957985|250257390643970059|NottCurious|4351|805313762663333919|TM India|880771916099641364|tm-india-bot|add_player_tracking
2023-02-09 04:49:40.997660|537187991714660352|booyah|6473|805313762663333919|TM India|880771916099641364|tm-india-bot|source_code
2023-02-09 05:07:35.884642|491096780289867797|DIVYANSH|7593|805313762663333919|TM India|880771916099641364|tm-india-bot|rand_quote
2023-02-09 05:22:10.910575|739088360814936064|Styx_XD|2735|805313762663333919|TM India|880771916099641364|tm-india-bot|rand_quote
2023-02-09 23:01:28.597303|250257390643970059|NottCurious|4351|805313762663333919|TM India|880771916099641364|tm-india-bot|last_quote
2023-02-09 23:01:47.091671|250257390643970059|NottCurious|4351|805313762663333919|TM India|842626496437813258|tm2020|save_quote_message
2023-02-09 23:02:04.821007|250257390643970059|NottCurious|4351|805313762663333919|TM India|842626496437813258|tm2020|save_quote_message
2023-02-10 00:55:59.020955|250257390643970059|NottCurious|4351|805313762663333919|TM India|880771916099641364|tm-india-bot|show_quote
2023-02-10 04:15:55.462862|537187991714660352|booyah|6473|805313762663333919|TM India|880771916099641364|tm-india-bot|rand_quote
2023-02-10 05:53:41.007885|491096780289867797|DIVYANSH|7593|805313762663333919|TM India|880771916099641364|tm-india-bot|rand_quote
2023-02-10 06:09:41.593503|491096780289867797|DIVYANSH|7593|805313762663333919|TM India|880771916099641364|tm-india-bot|rand_quote
2023-02-10 06:53:59.288167|527497533916708874|Spark|0218|805313762663333919|TM India|842626496437813258|tm2020|save_quote_message
2023-02-10 06:57:57.049866|527497533916708874|Spark|0218|805313762663333919|TM India|880771916099641364|tm-india-bot|rand_quote
2023-02-10 06:58:04.721789|527497533916708874|Spark|0218|805313762663333919|TM India|880771916099641364|tm-india-bot|rand_quote
2023-02-10 06:58:12.349297|491096780289867797|DIVYANSH|7593|805313762663333919|TM India|880771916099641364|tm-india-bot|rand_quote
2023-02-10 06:58:18.548860|527497533916708874|Spark|0218|805313762663333919|TM India|880771916099641364|tm-india-bot|rand_quote
2023-02-10 06:58:36.803377|491096780289867797|DIVYANSH|7593|805313762663333919|TM India|880771916099641364|tm-india-bot|rand_quote
2023-02-10 06:59:05.818236|491096780289867797|DIVYANSH|7593|805313762663333919|TM India|880771916099641364|tm-india-bot|rand_quote
2023-02-10 06:59:08.300360|527497533916708874|Spark|0218|805313762663333919|TM India|880771916099641364|tm-india-bot|rand_quote
2023-02-10 06:59:18.595045|491096780289867797|DIVYANSH|7593|805313762663333919|TM India|880771916099641364|tm-india-bot|rand_quote
2023-02-10 06:59:20.891735|527497533916708874|Spark|0218|805313762663333919|TM India|880771916099641364|tm-india-bot|rand_quote
2023-02-10 06:59:46.289604|527497533916708874|Spark|0218|805313762663333919|TM India|880771916099641364|tm-india-bot|rand_quote
2023-02-10 06:59:53.660546|527497533916708874|Spark|0218|805313762663333919|TM India|880771916099641364|tm-india-bot|rand_quote
2023-02-10 06:59:59.770063|527497533916708874|Spark|0218|805313762663333919|TM India|880771916099641364|tm-india-bot|rand_quote
2023-02-10 07:00:10.624033|491096780289867797|DIVYANSH|7593|805313762663333919|TM India|880771916099641364|tm-india-bot|rand_quote
2023-02-10 07:00:22.720086|491096780289867797|DIVYANSH|7593|805313762663333919|TM India|880771916099641364|tm-india-bot|rand_quote
2023-02-10 07:00:26.281707|527497533916708874|Spark|0218|805313762663333919|TM India|880771916099641364|tm-india-bot|rand_quote
2023-02-10 07:00:32.290195|527497533916708874|Spark|0218|805313762663333919|TM India|880771916099641364|tm-india-bot|rand_quote
2023-02-10 07:00:38.459983|527497533916708874|Spark|0218|805313762663333919|TM India|880771916099641364|tm-india-bot|rand_quote
2023-02-10 07:00:44.276905|527497533916708874|Spark|0218|805313762663333919|TM India|880771916099641364|tm-india-bot|rand_quote
2023-02-10 07:01:06.178405|491096780289867797|DIVYANSH|7593|805313762663333919|TM India|880771916099641364|tm-india-bot|rand_quote
2023-02-10 08:28:54.822949|769861484850839553|subkash|3240|805313762663333919|TM India|880771916099641364|tm-india-bot|rand_quote
2023-02-10 08:29:01.791528|769861484850839553|subkash|3240|805313762663333919|TM India|880771916099641364|tm-india-bot|rand_quote
2023-02-10 08:29:07.311945|769861484850839553|subkash|3240|805313762663333919|TM India|880771916099641364|tm-india-bot|rand_quote
2023-02-10 08:29:13.804769|769861484850839553|subkash|3240|805313762663333919|TM India|880771916099641364|tm-india-bot|rand_quote
2023-02-10 08:29:19.385309|769861484850839553|subkash|3240|805313762663333919|TM India|880771916099641364|tm-india-bot|rand_quote
2023-02-10 10:07:58.659912|527497533916708874|Spark|0218|805313762663333919|TM India|842626496437813258|tm2020|save_quote_message
2023-02-10 16:24:40.509031|250257390643970059|NottCurious|4351|805313762663333919|TM India|880771916099641364|tm-india-bot|player_details
2023-02-12 13:33:39.729301|537187991714660352|booyah|6473|805313762663333919|TM India|880771916099641364|tm-india-bot|rand_quote
2023-02-12 14:05:36.773503|491096780289867797|DIVYANSH|7593|805313762663333919|TM India|880771916099641364|tm-india-bot|rand_quote
2023-02-12 15:57:31.163892|491096780289867797|DIVYANSH|7593|805313762663333919|TM India|880771916099641364|tm-india-bot|rand_quote
2023-02-12 15:57:38.782310|491096780289867797|DIVYANSH|7593|805313762663333919|TM India|880771916099641364|tm-india-bot|rand_quote
2023-02-12 15:58:09.107896|491096780289867797|DIVYANSH|7593|805313762663333919|TM India|880771916099641364|tm-india-bot|rand_quote
2023-02-12 17:16:00.354311|527497533916708874|Spark|0218|805313762663333919|TM India|855110895814705152|event-talk|save_quote_message
2023-02-13 03:36:22.238337|491096780289867797|DIVYANSH|7593|805313762663333919|TM India|880771916099641364|tm-india-bot|rand_quote
2023-02-13 03:36:40.681929|491096780289867797|DIVYANSH|7593|805313762663333919|TM India|880771916099641364|tm-india-bot|add_player_tracking
2023-02-13 03:45:04.823675|739088360814936064|Styx_XD|2735|805313762663333919|TM India|880771916099641364|tm-india-bot|add_player_tracking
2023-02-13 03:53:57.799336|921739325094391808|chiragk888|6891|805313762663333919|TM India|880771916099641364|tm-india-bot|player_details
2023-02-13 04:01:40.451591|491096780289867797|DIVYANSH|7593|805313762663333919|TM India|880771916099641364|tm-india-bot|player_details
2023-02-13 04:40:09.912866|250257390643970059|NottCurious|4351|805313762663333919|TM India|842626496437813258|tm2020|save_quote_message
2023-02-13 10:16:58.711711|739088360814936064|Styx_XD|2735|805313762663333919|TM India|880771916099641364|tm-india-bot|player_details
2023-02-13 13:10:38.888241|705075259765817485|RADROX247|5854|805313762663333919|TM India|880771916099641364|tm-india-bot|player_details
2023-02-14 19:35:20.511355|527497533916708874|Spark|0218|805313762663333919|TM India|805317201498210314|general|save_quote_message
2023-02-15 04:56:11.928865|739088360814936064|Styx_XD|2735|805313762663333919|TM India|880771916099641364|tm-india-bot|add_player_tracking
2023-02-15 11:02:48.020702|739088360814936064|Styx_XD|2735|805313762663333919|TM India|880771916099641364|tm-india-bot|player_details
2023-02-15 11:18:34.067120|739088360814936064|Styx_XD|2735|805313762663333919|TM India|880771916099641364|tm-india-bot|player_details
2023-02-15 11:18:57.026563|739088360814936064|Styx_XD|2735|805313762663333919|TM India|880771916099641364|tm-india-bot|add_player_tracking
2023-02-15 18:09:51.405195|705075259765817485|RADROX247|5854|805313762663333919|TM India|880771916099641364|tm-india-bot|add_player_tracking
2023-02-18 04:46:48.126435|491096780289867797|DIVYANSH|7593|805313762663333919|TM India|880771916099641364|tm-india-bot|rand_quote
2023-02-18 04:46:58.106781|491096780289867797|DIVYANSH|7593|805313762663333919|TM India|880771916099641364|tm-india-bot|rand_quote
2023-02-18 04:47:21.456357|491096780289867797|DIVYANSH|7593|805313762663333919|TM India|880771916099641364|tm-india-bot|rand_quote
2023-02-25 10:40:30.353947|903873159839760385|Pirate|4426|805313762663333919|TM India|880771916099641364|tm-india-bot|rand_quote
2023-02-25 10:40:40.394798|903873159839760385|Pirate|4426|805313762663333919|TM India|880771916099641364|tm-india-bot|rand_quote
2023-02-25 10:41:59.347085|527497533916708874|Spark|0218|805313762663333919|TM India|880771916099641364|tm-india-bot|rand_quote
2023-02-25 10:45:48.834294|903873159839760385|Pirate|4426|805313762663333919|TM India|880771916099641364|tm-india-bot|rand_quote
2023-02-25 10:45:57.760267|903873159839760385|Pirate|4426|805313762663333919|TM India|880771916099641364|tm-india-bot|rand_quote
2023-02-25 10:46:19.280393|903873159839760385|Pirate|4426|805313762663333919|TM India|880771916099641364|tm-india-bot|rand_quote
2023-02-25 10:46:25.076368|903873159839760385|Pirate|4426|805313762663333919|TM India|880771916099641364|tm-india-bot|rand_quote
2023-02-25 10:46:50.806880|903873159839760385|Pirate|4426|805313762663333919|TM India|880771916099641364|tm-india-bot|rand_quote
2023-02-26 13:39:50.218591|537187991714660352|booyah|6473|805313762663333919|TM India|880771916099641364|tm-india-bot|rand_quote
2023-02-28 04:57:53.600950|527497533916708874|Spark|0218|805313762663333919|TM India|842626496437813258|tm2020|save_quote_message
2023-02-28 19:06:57.407467|203123509428224000|Instinct.69|5089|805313762663333919|TM India|880771916099641364|tm-india-bot|add_birthday
2023-02-28 19:23:00.130835|527497533916708874|Spark|0218|805313762663333919|TM India|880771916099641364|tm-india-bot|next_birthday_slash
2023-03-02 08:19:00.396278|705075259765817485|RADROX247|5854|805313762663333919|TM India|880771916099641364|tm-india-bot|add_player_tracking
2023-03-02 08:27:21.745366|705075259765817485|RADROX247|5854|805313762663333919|TM India|880771916099641364|tm-india-bot|add_player_tracking
2023-03-02 08:28:20.737803|705075259765817485|RADROX247|5854|805313762663333919|TM India|880771916099641364|tm-india-bot|player_details
2023-03-02 12:03:12.333883|739088360814936064|Styx_XD|2735|805313762663333919|TM India|880771916099641364|tm-india-bot|player_details
2023-03-02 12:03:45.962255|739088360814936064|Styx_XD|2735|805313762663333919|TM India|880771916099641364|tm-india-bot|player_details
2023-03-12 08:28:49.328165|936566119785971713|Djnx|7776|805313762663333919|TM India|880771916099641364|tm-india-bot|add_player_tracking
2023-03-12 08:30:22.333521|657147695445835788|mino|6307|805313762663333919|TM India|880771916099641364|tm-india-bot|add_player_tracking
2023-03-15 13:58:16.147105|537187991714660352|booyah|6473|805313762663333919|TM India|880771916099641364|tm-india-bot|rand_quote
2023-03-17 05:34:42.786336|203123509428224000|Instinct.69|5089|805313762663333919|TM India|880771916099641364|tm-india-bot|rand_quote
2023-03-18 11:48:54.798750|527497533916708874|Spark|0218|805313762663333919|TM India|842626496437813258|tm2020|save_quote_message
2023-03-20 13:40:22.386966|250257390643970059|NottCurious|4351|805313762663333919|TM India|805317201498210314|general|save_quote_message
2023-03-31 13:35:35.285860|527497533916708874|Spark|0218|805313762663333919|TM India|880771916099641364|tm-india-bot|add_player_tracking
2023-04-01 17:13:44.830967|527497533916708874|Spark|0218|805313762663333919|TM India|880771916099641364|tm-india-bot|add_player_tracking
2023-04-01 17:21:48.751288|739088360814936064|Styx_XD|2735|805313762663333919|TM India|880771916099641364|tm-india-bot|add_player_tracking
2023-04-02 14:12:14.416565|491096780289867797|DIVYANSH|7593|805313762663333919|TM India|880771916099641364|tm-india-bot|add_player_tracking
2023-04-02 21:04:38.731996|250257390643970059|NottCurious|4351|805313762663333919|TM India|842626496437813258|tm2020|save_quote_message
2023-04-05 06:24:33.195772|272616117246361610|Flying|9923|805313762663333919|TM India|880771916099641364|tm-india-bot|player_details
2023-04-05 13:00:30.206239|491096780289867797|DIVYANSH|7593|805313762663333919|TM India|880771916099641364|tm-india-bot|player_details
2023-04-07 11:55:29.352963|854592611917496341|AYK_KUNJAL|2880|805313762663333919|TM India|880771916099641364|tm-india-bot|player_details
2023-04-09 16:34:15.548664|697711566581399672|Adi0204|1062|805313762663333919|TM India|880771916099641364|tm-india-bot|add_player_tracking
2023-04-09 16:39:25.866421|250257390643970059|NottCurious|4351|805313762663333919|TM India|880771916099641364|tm-india-bot|add_player_tracking
2023-04-09 16:48:56.400743|250257390643970059|NottCurious|4351|805313762663333919|TM India|842626496437813258|tm2020|save_quote_message
2023-04-09 18:23:10.157625|250257390643970059|NottCurious|4351|805313762663333919|TM India|880771916099641364|tm-india-bot|add_player_tracking
2023-04-10 12:42:00.308242|250257390643970059|NottCurious|4351|805313762663333919|TM India|880771916099641364|tm-india-bot|remove_player_tracking
2023-04-10 12:46:10.996040|250257390643970059|NottCurious|4351|805313762663333919|TM India|890183397945782282|mod-logs|add_player_tracking
2023-04-10 12:46:30.831084|250257390643970059|NottCurious|4351|805313762663333919|TM India|880771916099641364|tm-india-bot|add_player_tracking
2023-04-10 12:46:35.467228|250257390643970059|NottCurious|4351|805313762663333919|TM India|880771916099641364|tm-india-bot|add_player_tracking
2023-04-10 12:46:41.074343|250257390643970059|NottCurious|4351|805313762663333919|TM India|880771916099641364|tm-india-bot|add_player_tracking
2023-04-10 12:46:45.873208|250257390643970059|NottCurious|4351|805313762663333919|TM India|880771916099641364|tm-india-bot|add_player_tracking
2023-04-10 12:47:00.144512|250257390643970059|NottCurious|4351|805313762663333919|TM India|880771916099641364|tm-india-bot|add_player_tracking
2023-04-10 12:47:05.690402|250257390643970059|NottCurious|4351|805313762663333919|TM India|880771916099641364|tm-india-bot|add_player_tracking
2023-04-10 12:47:12.498202|250257390643970059|NottCurious|4351|805313762663333919|TM India|880771916099641364|tm-india-bot|add_player_tracking
2023-04-10 12:47:19.193016|250257390643970059|NottCurious|4351|805313762663333919|TM India|880771916099641364|tm-india-bot|add_player_tracking
2023-04-10 12:47:23.729011|250257390643970059|NottCurious|4351|805313762663333919|TM India|880771916099641364|tm-india-bot|add_player_tracking
2023-04-10 12:47:33.792718|250257390643970059|NottCurious|4351|805313762663333919|TM India|880771916099641364|tm-india-bot|add_player_tracking
2023-04-10 12:47:45.302018|250257390643970059|NottCurious|4351|805313762663333919|TM India|880771916099641364|tm-india-bot|add_player_tracking
2023-04-10 12:47:49.724618|250257390643970059|NottCurious|4351|805313762663333919|TM India|880771916099641364|tm-india-bot|add_player_tracking
2023-04-10 12:47:54.015319|250257390643970059|NottCurious|4351|805313762663333919|TM India|880771916099641364|tm-india-bot|add_player_tracking
2023-04-10 12:47:58.007127|250257390643970059|NottCurious|4351|805313762663333919|TM India|880771916099641364|tm-india-bot|add_player_tracking
2023-04-10 12:48:04.941110|250257390643970059|NottCurious|4351|805313762663333919|TM India|880771916099641364|tm-india-bot|add_player_tracking
2023-04-10 12:48:10.538230|250257390643970059|NottCurious|4351|805313762663333919|TM India|880771916099641364|tm-india-bot|add_player_tracking
2023-04-10 12:48:15.449482|250257390643970059|NottCurious|4351|805313762663333919|TM India|880771916099641364|tm-india-bot|add_player_tracking
2023-04-10 12:48:20.962644|250257390643970059|NottCurious|4351|805313762663333919|TM India|880771916099641364|tm-india-bot|add_player_tracking
2023-04-10 12:48:25.193389|250257390643970059|NottCurious|4351|805313762663333919|TM India|880771916099641364|tm-india-bot|add_player_tracking
2023-04-10 12:49:12.181083|250257390643970059|NottCurious|4351|805313762663333919|TM India|880771916099641364|tm-india-bot|add_player_tracking
2023-04-10 12:49:42.950457|250257390643970059|NottCurious|4351|805313762663333919|TM India|880771916099641364|tm-india-bot|player_details
2023-04-10 13:16:57.628194|739088360814936064|Styx_XD|2735|805313762663333919|TM India|880771916099641364|tm-india-bot|player_details
2023-04-10 13:25:31.168346|755340820328218664|Car_Tick|1017|805313762663333919|TM India|880771916099641364|tm-india-bot|player_details
2023-04-10 14:31:23.512053|250257390643970059|NottCurious|4351|805313762663333919|TM India|880771916099641364|tm-india-bot|player_details
2023-04-10 15:54:24.075491|527497533916708874|Spark|0218|805313762663333919|TM India|880771916099641364|tm-india-bot|add_player_tracking
2023-04-10 16:02:53.949686|755340820328218664|Car_Tick|1017|805313762663333919|TM India|880771916099641364|tm-india-bot|add_player_tracking
2023-04-10 17:11:32.411386|250257390643970059|NottCurious|4351|805313762663333919|TM India|842618098112790548|introduction|add_player_tracking
2023-04-10 21:15:33.020657|250257390643970059|NottCurious|4351|940194031370129478|TMI Production|940931148794691614|testing-and-logs|player_details
2023-04-10 21:21:50.512802|250257390643970059|NottCurious|4351|940194031370129478|TMI Production|940931148794691614|testing-and-logs|add_player_tracking
2023-04-11 02:04:12.440302|250257390643970059|NottCurious|4351|940194031370129478|TMI Production|940931148794691614|testing-and-logs|latest_totd
2023-04-11 02:05:11.783916|250257390643970059|NottCurious|4351|940194031370129478|TMI Production|940931148794691614|testing-and-logs|player_details
2023-04-11 02:05:27.467984|250257390643970059|NottCurious|4351|940194031370129478|TMI Production|940931148794691614|testing-and-logs|player_details
2023-04-11 04:10:49.968779|739088360814936064|Styx_XD|2735|805313762663333919|TM India|880771916099641364|tm-india-bot|add_player_tracking
2023-04-11 06:02:51.702319|755340820328218664|Car_Tick|1017|805313762663333919|TM India|880771916099641364|tm-india-bot|add_player_tracking
2023-04-11 08:18:14.986557|697711566581399672|Adi0204|1062|805313762663333919|TM India|880771916099641364|tm-india-bot|add_player_tracking
2023-04-11 11:34:47.401911|1095291922576326656|semesame|9234|805313762663333919|TM India|847786114931884042|spam-commands-here|list_birthdays
2023-04-11 11:35:38.346977|1095291922576326656|semesame|9234|805313762663333919|TM India|847786114931884042|spam-commands-here|add_birthday
2023-04-11 12:20:24.960787|697711566581399672|Adi0204|1062|805313762663333919|TM India|842618098112790548|introduction|user_birthday
2023-04-11 17:59:30.810729|250257390643970059|NottCurious|4351|805313762663333919|TM India|842618098112790548|introduction|add_player_tracking
2023-04-11 18:29:54.688505|755340820328218664|Car_Tick|1017|805313762663333919|TM India|880771916099641364|tm-india-bot|player_details
2023-04-11 19:17:53.127035|250257390643970059|NottCurious|4351|805313762663333919|TM India|805317201498210314|general|save_quote_message
2023-04-16 17:20:24.011866|250257390643970059|NottCurious|4351|940194031370129478|TMI Production|940931148794691614|testing-and-logs|remove_player_tracking
2023-04-19 12:42:57.934470|537187991714660352|booyah|6473|805313762663333919|TM India|880771916099641364|tm-india-bot|add_birthday
2023-04-19 12:43:17.435726|537187991714660352|booyah|6473|805313762663333919|TM India|880771916099641364|tm-india-bot|add_birthday
2023-04-19 12:43:26.634964|537187991714660352|booyah|6473|805313762663333919|TM India|880771916099641364|tm-india-bot|list_birthdays
2023-04-19 12:44:32.554635|537187991714660352|booyah|6473|805313762663333919|TM India|880771916099641364|tm-india-bot|add_birthday
2023-04-19 12:45:11.376545|537187991714660352|booyah|6473|805313762663333919|TM India|880771916099641364|tm-india-bot|add_birthday
2023-04-19 12:45:28.730310|537187991714660352|booyah|6473|805313762663333919|TM India|880771916099641364|tm-india-bot|add_birthday
2023-04-19 12:45:52.233240|537187991714660352|booyah|6473|805313762663333919|TM India|880771916099641364|tm-india-bot|add_birthday
2023-04-19 12:46:07.157815|537187991714660352|booyah|6473|805313762663333919|TM India|880771916099641364|tm-india-bot|list_birthdays
2023-04-19 12:47:23.971406|537187991714660352|booyah|6473|805313762663333919|TM India|880771916099641364|tm-india-bot|list_birthdays
2023-04-19 12:48:42.380074|537187991714660352|booyah|6473|805313762663333919|TM India|880771916099641364|tm-india-bot|month_birthdays
2023-04-19 12:49:33.114575|537187991714660352|booyah|6473|805313762663333919|TM India|880771916099641364|tm-india-bot|remove-birthday
2023-04-19 12:49:45.427042|537187991714660352|booyah|6473|805313762663333919|TM India|880771916099641364|tm-india-bot|list_birthdays
2023-04-19 12:50:10.110065|537187991714660352|booyah|6473|805313762663333919|TM India|880771916099641364|tm-india-bot|add_birthday
2023-04-19 12:50:15.191884|537187991714660352|booyah|6473|805313762663333919|TM India|880771916099641364|tm-india-bot|add_birthday
2023-04-19 12:53:33.399986|527497533916708874|Spark|0218|805313762663333919|TM India|880771916099641364|tm-india-bot|add_player_tracking
2023-04-19 12:53:47.579971|537187991714660352|booyah|6473|805313762663333919|TM India|880771916099641364|tm-india-bot|user_birthday_slash
2023-04-19 12:55:22.904410|537187991714660352|booyah|6473|805313762663333919|TM India|880771916099641364|tm-india-bot|support_server
2023-04-19 12:56:56.364536|537187991714660352|booyah|6473|805313762663333919|TM India|880771916099641364|tm-india-bot|top_command
2023-04-19 12:58:13.267968|537187991714660352|booyah|6473|805313762663333919|TM India|880771916099641364|tm-india-bot|next_birthday_slash
2023-04-19 12:59:12.911789|537187991714660352|booyah|6473|805313762663333919|TM India|880771916099641364|tm-india-bot|show_quote
2023-04-19 12:59:24.604215|537187991714660352|booyah|6473|805313762663333919|TM India|880771916099641364|tm-india-bot|show_quote
2023-04-19 12:59:31.288755|537187991714660352|booyah|6473|805313762663333919|TM India|880771916099641364|tm-india-bot|show_quote
2023-04-19 12:59:44.800679|537187991714660352|booyah|6473|805313762663333919|TM India|880771916099641364|tm-india-bot|show_quote
2023-04-19 13:00:33.152853|537187991714660352|booyah|6473|805313762663333919|TM India|880771916099641364|tm-india-bot|search_player
2023-04-19 19:45:41.475371|755340820328218664|Car_Tick|1017|805313762663333919|TM India|880771916099641364|tm-india-bot|add_player_tracking
2023-04-20 10:53:56.492512|755340820328218664|Car_Tick|1017|805313762663333919|TM India|880771916099641364|tm-india-bot|player_details
2023-04-20 10:54:40.167841|755340820328218664|Car_Tick|1017|805313762663333919|TM India|880771916099641364|tm-india-bot|player_details
2023-04-21 10:09:51.596189|697711566581399672|Adi0204|1062|805313762663333919|TM India|880771916099641364|tm-india-bot|list_birthdays
2023-04-22 06:04:26.358468|537187991714660352|booyah|6473|805313762663333919|TM India|880771916099641364|tm-india-bot|player_details
2023-04-22 06:05:09.515084|537187991714660352|booyah|6473|805313762663333919|TM India|880771916099641364|tm-india-bot|month_birthdays
2023-04-23 10:02:00.833617|755340820328218664|Car_Tick|1017|805313762663333919|TM India|880771916099641364|tm-india-bot|player_details
2023-04-24 10:35:01.456932|697711566581399672|Adi0204|1062|805313762663333919|TM India|880771916099641364|tm-india-bot|list_birthdays
2023-04-26 09:55:51.444339|697711566581399672|Adi0204|1062|805313762663333919|TM India|880771916099641364|tm-india-bot|player_details
2023-04-26 10:37:20.799451|739088360814936064|Styx_XD|2735|805313762663333919|TM India|880771916099641364|tm-india-bot|player_details
2023-04-26 10:58:53.680102|537187991714660352|booyah|6473|805313762663333919|TM India|880771916099641364|tm-india-bot|list_birthdays
2023-05-04 03:19:37.328995|250257390643970059|NottCurious|4351|805313762663333919|TM India|805317201498210314|general|save_quote_message
2023-05-06 20:45:13.009737|250257390643970059|NottCurious|4351|805313762663333919|TM India|805317201498210314|general|save_quote_message
2023-05-10 11:05:39.569739|657147695445835788|Minos|6307|805313762663333919|TM India|880771916099641364|tm-india-bot|player_details
2023-05-10 15:58:37.226283|755340820328218664|Car_Tick|1017|805313762663333919|TM India|880771916099641364|tm-india-bot|add_player_tracking
2023-05-11 10:04:47.792701|732918036356661289|Snow|2374|805313762663333919|TM India|880771916099641364|tm-india-bot|add_player_tracking
2023-05-11 10:05:37.866936|732918036356661289|Snow|2374|805313762663333919|TM India|880771916099641364|tm-india-bot|player_details
2023-05-11 14:21:41.985013|823934614322151474|Srip|2425|805313762663333919|TM India|880771916099641364|tm-india-bot|player_details
2023-05-11 14:22:03.747823|823934614322151474|Srip|2425|805313762663333919|TM India|880771916099641364|tm-india-bot|player_details
2023-05-12 05:28:17.200244|537187991714660352|booyah|6473|805313762663333919|TM India|880771916099641364|tm-india-bot|version
2023-05-12 05:28:37.813776|537187991714660352|booyah|6473|805313762663333919|TM India|880771916099641364|tm-india-bot|source_code
2023-05-16 05:08:31.706227|537187991714660352|booyah|6473|805313762663333919|TM India|880771916099641364|tm-india-bot|rand_quote
2023-05-16 05:57:31.574838|1073906376159535174|nishindudu|8016|805313762663333919|TM India|880771916099641364|tm-india-bot|player_details
2023-05-16 06:14:48.257546|1073906376159535174|nishindudu|8016|805313762663333919|TM India|880771916099641364|tm-india-bot|search_player
2023-05-16 06:16:12.872670|1073906376159535174|nishindudu|8016|805313762663333919|TM India|880771916099641364|tm-india-bot|player_details
2023-05-16 06:17:35.374915|1073906376159535174|nishindudu|8016|805313762663333919|TM India|847786114931884042|spam-commands-here|player_details
2023-05-16 07:19:59.261383|1073906376159535174|nishindudu|8016|805313762663333919|TM India|847786114931884042|spam-commands-here|player_details
2023-05-16 07:20:21.560453|1073906376159535174|nishindudu|8016|805313762663333919|TM India|847786114931884042|spam-commands-here|player_details
2023-05-17 08:16:12.038099|537187991714660352|booyah|6473|805313762663333919|TM India|880771916099641364|tm-india-bot|source_code
2023-05-17 08:23:00.322826|537187991714660352|booyah|6473|805313762663333919|TM India|880771916099641364|tm-india-bot|search_player
2023-05-17 08:23:28.226729|537187991714660352|booyah|6473|805313762663333919|TM India|880771916099641364|tm-india-bot|search_player
2023-05-17 08:24:43.940497|537187991714660352|booyah|6473|805313762663333919|TM India|880771916099641364|tm-india-bot|search_player
2023-05-17 08:24:53.675424|537187991714660352|booyah|6473|805313762663333919|TM India|880771916099641364|tm-india-bot|search_player
2023-05-18 13:50:00.862624|1073906376159535174|nishindudu|8016|805313762663333919|TM India|847786114931884042|spam-commands-here|player_details
2023-05-18 13:51:02.549087|1073906376159535174|nishindudu|8016|805313762663333919|TM India|847786114931884042|spam-commands-here|search_player
2023-05-18 13:53:52.782851|1073906376159535174|nishindudu|8016|805313762663333919|TM India|847786114931884042|spam-commands-here|search_player
2023-05-24 08:40:48.735966|250257390643970059|NottCurious|4351|805313762663333919|TM India|805317201498210314|general|save_quote_message
2023-05-29 08:56:33.679174|1073906376159535174|nishindudu|8016|805313762663333919|TM India|847786114931884042|spam-commands-here|player_details
2023-05-29 11:17:10.009649|821281189200658443|dvckdvckbrvh|9251|805313762663333919|TM India|847786114931884042|spam-commands-here|player_details
2023-06-05 14:42:48.863783|494455893044363285|Titan|5200|805313762663333919|TM India|941703878372634646|formula-1|user_birthday
2023-07-05 12:48:59.260483|527497533916708874|spark1398|0|805313762663333919|TM India|842626496437813258|tm2020|save_quote_message
